# JRE version: OpenJDK Runtime Environment (8.0_242-b01) (build 1.8.0_242-release-1644-b01)
# Java VM: OpenJDK 64-Bit Server VM (25.242-b01 mixed mode windows-amd64 compressed oops)
Heap:
 PSYoungGen      total 152064K, used 148164K [0x00000000d5580000, 0x00000000df480000, 0x0000000100000000)
  eden space 145408K, 100% used [0x00000000d5580000,0x00000000de380000,0x00000000de380000)
  from space 6656K, 41% used [0x00000000dee00000,0x00000000df0b1278,0x00000000df480000)
  to   space 8704K, 0% used [0x00000000de380000,0x00000000de380000,0x00000000dec00000)
 ParOldGen       total 59904K, used 21385K [0x0000000080000000, 0x0000000083a80000, 0x00000000d5580000)
  object space 59904K, 35% used [0x0000000080000000,0x00000000814e2788,0x0000000083a80000)
 Metaspace       used 36225K, capacity 37300K, committed 37424K, reserved 1081344K
  class space    used 4767K, capacity 5071K, committed 5168K, reserved 1048576K
GC Heap History (10 events):
Event: 18.730 GC heap before
{Heap before GC invocations=18 (full 2):
 PSYoungGen      total 108032K, used 288K [0x00000000d5580000, 0x00000000dca00000, 0x0000000100000000)
  eden space 97280K, 0% used [0x00000000d5580000,0x00000000d5580000,0x00000000db480000)
  from space 10752K, 2% used [0x00000000dbf00000,0x00000000dbf48000,0x00000000dc980000)
  to   space 10752K, 0% used [0x00000000db480000,0x00000000db480000,0x00000000dbf00000)
 ParOldGen       total 46080K, used 20846K [0x0000000080000000, 0x0000000082d00000, 0x00000000d5580000)
  object space 46080K, 45% used [0x0000000080000000,0x000000008145ba08,0x0000000082d00000)
 Metaspace       used 34529K, capacity 35366K, committed 35496K, reserved 1079296K
  class space    used 4593K, capacity 4866K, committed 4912K, reserved 1048576K
Event: 18.784 GC heap after
Heap after GC invocations=18 (full 2):
 PSYoungGen      total 108032K, used 0K [0x00000000d5580000, 0x00000000dca00000, 0x0000000100000000)
  eden space 97280K, 0% used [0x00000000d5580000,0x00000000d5580000,0x00000000db480000)
  from space 10752K, 0% used [0x00000000dbf00000,0x00000000dbf00000,0x00000000dc980000)
  to   space 10752K, 0% used [0x00000000db480000,0x00000000db480000,0x00000000dbf00000)
 ParOldGen       total 59904K, used 12337K [0x0000000080000000, 0x0000000083a80000, 0x00000000d5580000)
  object space 59904K, 20% used [0x0000000080000000,0x0000000080c0c708,0x0000000083a80000)
 Metaspace       used 34517K, capacity 35354K, committed 35496K, reserved 1079296K
  class space    used 4589K, capacity 4862K, committed 4912K, reserved 1048576K
}
Event: 20.597 GC heap before
{Heap before GC invocations=19 (full 2):
 PSYoungGen      total 108032K, used 97280K [0x00000000d5580000, 0x00000000dca00000, 0x0000000100000000)
  eden space 97280K, 100% used [0x00000000d5580000,0x00000000db480000,0x00000000db480000)
  from space 10752K, 0% used [0x00000000dbf00000,0x00000000dbf00000,0x00000000dc980000)
  to   space 10752K, 0% used [0x00000000db480000,0x00000000db480000,0x00000000dbf00000)
 ParOldGen       total 59904K, used 12337K [0x0000000080000000, 0x0000000083a80000, 0x00000000d5580000)
  object space 59904K, 20% used [0x0000000080000000,0x0000000080c0c708,0x0000000083a80000)
 Metaspace       used 34975K, capacity 35928K, committed 36272K, reserved 1081344K
  class space    used 4634K, capacity 4916K, committed 5040K, reserved 1048576K
Event: 20.600 GC heap after
Heap after GC invocations=19 (full 2):
 PSYoungGen      total 108032K, used 3083K [0x00000000d5580000, 0x00000000de080000, 0x0000000100000000)
  eden space 97280K, 0% used [0x00000000d5580000,0x00000000d5580000,0x00000000db480000)
  from space 10752K, 28% used [0x00000000db480000,0x00000000db782ed0,0x00000000dbf00000)
  to   space 10240K, 0% used [0x00000000dd680000,0x00000000dd680000,0x00000000de080000)
 ParOldGen       total 59904K, used 12345K [0x0000000080000000, 0x0000000083a80000, 0x00000000d5580000)
  object space 59904K, 20% used [0x0000000080000000,0x0000000080c0e708,0x0000000083a80000)
 Metaspace       used 34975K, capacity 35928K, committed 36272K, reserved 1081344K
  class space    used 4634K, capacity 4916K, committed 5040K, reserved 1048576K
}
Event: 21.518 GC heap before
{Heap before GC invocations=20 (full 2):
 PSYoungGen      total 108032K, used 100363K [0x00000000d5580000, 0x00000000de080000, 0x0000000100000000)
  eden space 97280K, 100% used [0x00000000d5580000,0x00000000db480000,0x00000000db480000)
  from space 10752K, 28% used [0x00000000db480000,0x00000000db782ed0,0x00000000dbf00000)
  to   space 10240K, 0% used [0x00000000dd680000,0x00000000dd680000,0x00000000de080000)
 ParOldGen       total 59904K, used 12345K [0x0000000080000000, 0x0000000083a80000, 0x00000000d5580000)
  object space 59904K, 20% used [0x0000000080000000,0x0000000080c0e708,0x0000000083a80000)
 Metaspace       used 34978K, capacity 35928K, committed 36272K, reserved 1081344K
  class space    used 4634K, capacity 4916K, committed 5040K, reserved 1048576K
Event: 21.523 GC heap after
Heap after GC invocations=20 (full 2):
 PSYoungGen      total 128000K, used 3218K [0x00000000d5580000, 0x00000000dde00000, 0x0000000100000000)
  eden space 120320K, 0% used [0x00000000d5580000,0x00000000d5580000,0x00000000dcb00000)
  from space 7680K, 41% used [0x00000000dd680000,0x00000000dd9a4970,0x00000000dde00000)
  to   space 9728K, 0% used [0x00000000dcb00000,0x00000000dcb00000,0x00000000dd480000)
 ParOldGen       total 59904K, used 15078K [0x0000000080000000, 0x0000000083a80000, 0x00000000d5580000)
  object space 59904K, 25% used [0x0000000080000000,0x0000000080eb9970,0x0000000083a80000)
 Metaspace       used 34978K, capacity 35928K, committed 36272K, reserved 1081344K
  class space    used 4634K, capacity 4916K, committed 5040K, reserved 1048576K
}
Event: 22.610 GC heap before
{Heap before GC invocations=21 (full 2):
 PSYoungGen      total 128000K, used 123538K [0x00000000d5580000, 0x00000000dde00000, 0x0000000100000000)
  eden space 120320K, 100% used [0x00000000d5580000,0x00000000dcb00000,0x00000000dcb00000)
  from space 7680K, 41% used [0x00000000dd680000,0x00000000dd9a4970,0x00000000dde00000)
  to   space 9728K, 0% used [0x00000000dcb00000,0x00000000dcb00000,0x00000000dd480000)
 ParOldGen       total 59904K, used 15078K [0x0000000080000000, 0x0000000083a80000, 0x00000000d5580000)
  object space 59904K, 25% used [0x0000000080000000,0x0000000080eb9970,0x0000000083a80000)
 Metaspace       used 34982K, capacity 35928K, committed 36272K, reserved 1081344K
  class space    used 4634K, capacity 4916K, committed 5040K, reserved 1048576K
Event: 22.615 GC heap after
Heap after GC invocations=21 (full 2):
 PSYoungGen      total 130048K, used 3547K [0x00000000d5580000, 0x00000000df700000, 0x0000000100000000)
  eden space 120320K, 0% used [0x00000000d5580000,0x00000000d5580000,0x00000000dcb00000)
  from space 9728K, 36% used [0x00000000dcb00000,0x00000000dce76e18,0x00000000dd480000)
  to   space 9216K, 0% used [0x00000000dee00000,0x00000000dee00000,0x00000000df700000)
 ParOldGen       total 59904K, used 18174K [0x0000000080000000, 0x0000000083a80000, 0x00000000d5580000)
  object space 59904K, 30% used [0x0000000080000000,0x00000000811bf970,0x0000000083a80000)
 Metaspace       used 34982K, capacity 35928K, committed 36272K, reserved 1081344K
  class space    used 4634K, capacity 4916K, committed 5040K, reserved 1048576K
}
Event: 23.521 GC heap before
{Heap before GC invocations=22 (full 2):
 PSYoungGen      total 130048K, used 123867K [0x00000000d5580000, 0x00000000df700000, 0x0000000100000000)
  eden space 120320K, 100% used [0x00000000d5580000,0x00000000dcb00000,0x00000000dcb00000)
  from space 9728K, 36% used [0x00000000dcb00000,0x00000000dce76e18,0x00000000dd480000)
  to   space 9216K, 0% used [0x00000000dee00000,0x00000000dee00000,0x00000000df700000)
 ParOldGen       total 59904K, used 18174K [0x0000000080000000, 0x0000000083a80000, 0x00000000d5580000)
  object space 59904K, 30% used [0x0000000080000000,0x00000000811bf970,0x0000000083a80000)
 Metaspace       used 34982K, capacity 35928K, committed 36272K, reserved 1081344K
  class space    used 4634K, capacity 4916K, committed 5040K, reserved 1048576K
Event: 23.525 GC heap after
Heap after GC invocations=22 (full 2):
 PSYoungGen      total 152064K, used 2756K [0x00000000d5580000, 0x00000000df480000, 0x0000000100000000)
  eden space 145408K, 0% used [0x00000000d5580000,0x00000000d5580000,0x00000000de380000)
  from space 6656K, 41% used [0x00000000dee00000,0x00000000df0b1278,0x00000000df480000)
  to   space 8704K, 0% used [0x00000000de380000,0x00000000de380000,0x00000000dec00000)
 ParOldGen       total 59904K, used 21385K [0x0000000080000000, 0x0000000083a80000, 0x00000000d5580000)
  object space 59904K, 35% used [0x0000000080000000,0x00000000814e2788,0x0000000083a80000)
 Metaspace       used 34982K, capacity 35928K, committed 36272K, reserved 1081344K
  class space    used 4634K, capacity 4916K, committed 5040K, reserved 1048576K
}

